2024/08/23 17:53:18.396 [main] TRACE  com.example.Main traceメッセージ
2024/08/23 17:53:18.404 [main] DEBUG  com.example.Main debugメッセージ
2024/08/23 17:53:18.404 [main] INFO   com.example.Main infoメッセージ
2024/08/23 17:53:18.404 [main] WARN   com.example.Main warnメッセージ
2024/08/23 17:53:18.404 [main] ERROR  com.example.Main errorメッセージ
2024/08/23 17:54:34.516 [main] TRACE  com.example.Main traceメッセージ
2024/08/23 17:54:34.522 [main] DEBUG  com.example.Main debugメッセージ
2024/08/23 17:54:34.523 [main] INFO   com.example.Main infoメッセージ
2024/08/23 17:54:34.524 [main] WARN   com.example.Main warnメッセージ
2024/08/23 17:54:34.525 [main] ERROR  com.example.Main errorメッセージ
2024/08/23 17:57:10.962 [main] TRACE  com.example.Main traceメッセージ
2024/08/23 17:57:10.974 [main] DEBUG  com.example.Main debugメッセージ
2024/08/23 17:57:10.974 [main] INFO   com.example.Main infoメッセージ
2024/08/23 17:57:10.974 [main] WARN   com.example.Main warnメッセージ
2024/08/23 17:57:10.974 [main] ERROR  com.example.Main errorメッセージ
2024/08/23 18:25:14.606 [main] TRACE  com.example.Main traceメッセージ
2024/08/23 18:25:14.610 [main] DEBUG  com.example.Main debugメッセージ
2024/08/23 18:25:14.610 [main] INFO   com.example.Main infoメッセージ
2024/08/23 18:25:14.610 [main] WARN   com.example.Main warnメッセージ
2024/08/23 18:25:14.610 [main] ERROR  com.example.Main errorメッセージ
2024/08/23 18:26:06.173 [main] TRACE  com.example.Main traceメッセージ
2024/08/23 18:26:06.184 [main] DEBUG  com.example.Main debugメッセージ
2024/08/23 18:26:06.184 [main] INFO   com.example.Main infoメッセージ
2024/08/23 18:26:06.184 [main] WARN   com.example.Main warnメッセージ
2024/08/23 18:26:06.184 [main] ERROR  com.example.Main errorメッセージ
